  main_proyecto_final.cpp
C:\Users\Daniel Mireles\Desktop\MED_ZVDS_ProyectoFinal_Gpo9\MED_ZVDS_ProyectoFinal_Gpo9\modelAnim.h(104,44): warning C4244: '=': conversión de 'double' a 'float'; posible pérdida de datos
C:\Users\Daniel Mireles\Desktop\MED_ZVDS_ProyectoFinal_Gpo9\MED_ZVDS_ProyectoFinal_Gpo9\modelAnim.h(519,24): warning C4244: 'inicializando': conversión de 'double' a 'float'; posible pérdida de datos
C:\Users\Daniel Mireles\Desktop\MED_ZVDS_ProyectoFinal_Gpo9\MED_ZVDS_ProyectoFinal_Gpo9\main_proyecto_final.cpp(405,24): warning C4244: 'inicializando': conversión de 'double' a 'GLfloat'; posible pérdida de datos
C:\Users\Daniel Mireles\Desktop\MED_ZVDS_ProyectoFinal_Gpo9\MED_ZVDS_ProyectoFinal_Gpo9\main_proyecto_final.cpp(1470,11): warning C4244: '=': conversión de 'double' a 'GLfloat'; posible pérdida de datos
C:\Users\Daniel Mireles\Desktop\MED_ZVDS_ProyectoFinal_Gpo9\MED_ZVDS_ProyectoFinal_Gpo9\main_proyecto_final.cpp(1471,11): warning C4244: '=': conversión de 'double' a 'GLfloat'; posible pérdida de datos
C:\Users\Daniel Mireles\Desktop\MED_ZVDS_ProyectoFinal_Gpo9\MED_ZVDS_ProyectoFinal_Gpo9\main_proyecto_final.cpp(1475,18): warning C4244: 'inicializando': conversión de 'double' a 'GLfloat'; posible pérdida de datos
C:\Users\Daniel Mireles\Desktop\MED_ZVDS_ProyectoFinal_Gpo9\MED_ZVDS_ProyectoFinal_Gpo9\main_proyecto_final.cpp(1476,18): warning C4244: 'inicializando': conversión de 'double' a 'GLfloat'; posible pérdida de datos
C:\Users\Daniel Mireles\Desktop\MED_ZVDS_ProyectoFinal_Gpo9\MED_ZVDS_ProyectoFinal_Gpo9\main_proyecto_final.cpp(1478,10): warning C4244: '=': conversión de 'double' a 'GLfloat'; posible pérdida de datos
C:\Users\Daniel Mireles\Desktop\MED_ZVDS_ProyectoFinal_Gpo9\MED_ZVDS_ProyectoFinal_Gpo9\main_proyecto_final.cpp(1479,10): warning C4244: '=': conversión de 'double' a 'GLfloat'; posible pérdida de datos
soil2-debug.lib(SOIL2.obj) : warning LNK4075: se omite '/EDITANDCONTINUE' debido a la especificación '/OPT:ICF'
LINK : warning LNK4098: la biblioteca predeterminada'MSVCRTD' entra en conflicto con otras bibliotecas; use la biblioteca /NODEFAULTLIB:biblioteca
  Generando código
  Previous IPDB not found, fall back to full compilation.
  All 1007 functions were compiled because no usable IPDB/IOBJ from previous compilation was found.
  Generación de código finalizada
soil2-debug.lib(etc1_utils.obj) : warning LNK4099: no se encontró PDB 'soil2-debug.pdb' con 'soil2-debug.lib(etc1_utils.obj)' o en 'C:\Users\Daniel Mireles\Desktop\MED_ZVDS_ProyectoFinal_Gpo9\Release\soil2-debug.pdb'; se vinculará el objeto sin tener en cuenta información de depuración
soil2-debug.lib(image_DXT.obj) : warning LNK4099: no se encontró PDB 'soil2-debug.pdb' con 'soil2-debug.lib(image_DXT.obj)' o en 'C:\Users\Daniel Mireles\Desktop\MED_ZVDS_ProyectoFinal_Gpo9\Release\soil2-debug.pdb'; se vinculará el objeto sin tener en cuenta información de depuración
soil2-debug.lib(image_helper.obj) : warning LNK4099: no se encontró PDB 'soil2-debug.pdb' con 'soil2-debug.lib(image_helper.obj)' o en 'C:\Users\Daniel Mireles\Desktop\MED_ZVDS_ProyectoFinal_Gpo9\Release\soil2-debug.pdb'; se vinculará el objeto sin tener en cuenta información de depuración
soil2-debug.lib(SOIL2.obj) : warning LNK4099: no se encontró PDB 'soil2-debug.pdb' con 'soil2-debug.lib(SOIL2.obj)' o en 'C:\Users\Daniel Mireles\Desktop\MED_ZVDS_ProyectoFinal_Gpo9\Release\soil2-debug.pdb'; se vinculará el objeto sin tener en cuenta información de depuración
  MED_ZVDS_ProyectoFinal_Gpo9.vcxproj -> C:\Users\Daniel Mireles\Desktop\MED_ZVDS_ProyectoFinal_Gpo9\Release\MED_ZVDS_ProyectoFinal_Gpo9.exe
